1617061616903	geckodriver	INFO	Listening on 127.0.0.1:59366
1617061617156	mozrunner::runner	INFO	Running command: "/Applications/Firefox.app/Contents/MacOS/firefox-bin" "--marionette" "-foreground" "-no-remote" "-profile" "/var/folders/nt/8pxp61450tj938jy0294_cj80000gn/T/rust_mozprofileOM5LUk"
console.warn: SearchSettings: "get: No settings file exists, new profile?" (new Error("", "(unknown module)"))
1617061627286	Marionette	INFO	Listening on port 59379
1617061641712	geckodriver	INFO	Listening on 127.0.0.1:59452
1617061642718	mozrunner::runner	INFO	Running command: "/Applications/Firefox.app/Contents/MacOS/firefox-bin" "--marionette" "-foreground" "-no-remote" "-profile" "/var/folders/nt/8pxp61450tj938jy0294_cj80000gn/T/rust_mozprofilekxPtRR"
console.warn: SearchSettings: "get: No settings file exists, new profile?" (new Error("", "(unknown module)"))
1617061646101	Marionette	INFO	Listening on port 59463
1617061646163	Marionette	WARN	TLS certificate errors will be ignored for this session
1617061662324	geckodriver	INFO	Listening on 127.0.0.1:59552
1617061663337	mozrunner::runner	INFO	Running command: "/Applications/Firefox.app/Contents/MacOS/firefox-bin" "--marionette" "-foreground" "-no-remote" "-profile" "/var/folders/nt/8pxp61450tj938jy0294_cj80000gn/T/rust_mozprofilepHlwPF"
console.warn: SearchSettings: "get: No settings file exists, new profile?" (new Error("", "(unknown module)"))
1617061666676	Marionette	INFO	Listening on port 59563
1617061666758	Marionette	WARN	TLS certificate errors will be ignored for this session
1617061857291	geckodriver	INFO	Listening on 127.0.0.1:59684
1617061858304	mozrunner::runner	INFO	Running command: "/Applications/Firefox.app/Contents/MacOS/firefox-bin" "--marionette" "-foreground" "-no-remote" "-profile" "/var/folders/nt/8pxp61450tj938jy0294_cj80000gn/T/rust_mozprofile1WkSyW"
console.warn: SearchSettings: "get: No settings file exists, new profile?" (new Error("", "(unknown module)"))
1617061861512	Marionette	INFO	Listening on port 59695
1617061861618	Marionette	WARN	TLS certificate errors will be ignored for this session
1617061906732	geckodriver	INFO	Listening on 127.0.0.1:59785
1617061907739	mozrunner::runner	INFO	Running command: "/Applications/Firefox.app/Contents/MacOS/firefox-bin" "--marionette" "-foreground" "-no-remote" "-profile" "/var/folders/nt/8pxp61450tj938jy0294_cj80000gn/T/rust_mozprofileWHCXLi"
console.warn: SearchSettings: "get: No settings file exists, new profile?" (new Error("", "(unknown module)"))
1617061911013	Marionette	INFO	Listening on port 59796
1617061911068	Marionette	WARN	TLS certificate errors will be ignored for this session
console.warn: LoginRecipes: "getRecipes: falling back to a synchronous message for:" "https://memberauth.anytimefitness.com"
1617062019049	geckodriver	INFO	Listening on 127.0.0.1:59919
1617062020056	mozrunner::runner	INFO	Running command: "/Applications/Firefox.app/Contents/MacOS/firefox-bin" "--marionette" "-foreground" "-no-remote" "-profile" "/var/folders/nt/8pxp61450tj938jy0294_cj80000gn/T/rust_mozprofileNbXa17"
console.warn: SearchSettings: "get: No settings file exists, new profile?" (new Error("", "(unknown module)"))
1617062023340	Marionette	INFO	Listening on port 59930
1617062023362	Marionette	WARN	TLS certificate errors will be ignored for this session
1617062045946	geckodriver	INFO	Listening on 127.0.0.1:60023
1617062046955	mozrunner::runner	INFO	Running command: "/Applications/Firefox.app/Contents/MacOS/firefox-bin" "--marionette" "-foreground" "-no-remote" "-profile" "/var/folders/nt/8pxp61450tj938jy0294_cj80000gn/T/rust_mozprofilewK1jcM"
console.warn: SearchSettings: "get: No settings file exists, new profile?" (new Error("", "(unknown module)"))
1617062050121	Marionette	INFO	Listening on port 60034
1617062050163	Marionette	WARN	TLS certificate errors will be ignored for this session
JavaScript warning: , line 0: WebGL warning: texImage: Alpha-premult and y-flip are deprecated for non-DOM-Element uploads.
JavaScript warning: , line 0: WebGL warning: texImage: Alpha-premult and y-flip are deprecated for non-DOM-Element uploads.
JavaScript warning: , line 0: WebGL warning: texImage: Alpha-premult and y-flip are deprecated for non-DOM-Element uploads.
JavaScript warning: , line 0: WebGL warning: texImage: Alpha-premult and y-flip are deprecated for non-DOM-Element uploads.
JavaScript warning: , line 0: WebGL warning: texImage: Alpha-premult and y-flip are deprecated for non-DOM-Element uploads.
JavaScript warning: , line 0: WebGL warning: texImage: Alpha-premult and y-flip are deprecated for non-DOM-Element uploads.
JavaScript warning: , line 0: WebGL warning: texImage: Alpha-premult and y-flip are deprecated for non-DOM-Element uploads.
JavaScript warning: , line 0: WebGL warning: texImage: Alpha-premult and y-flip are deprecated for non-DOM-Element uploads.
JavaScript warning: , line 0: WebGL warning: texImage: Alpha-premult and y-flip are deprecated for non-DOM-Element uploads.
console.warn: LoginRecipes: "getRecipes: falling back to a synchronous message for:" "https://reserve.anytimefitness.com"
JavaScript warning: , line 0: WebGL warning: texImage: Alpha-premult and y-flip are deprecated for non-DOM-Element uploads.
JavaScript warning: , line 0: WebGL warning: texImage: Alpha-premult and y-flip are deprecated for non-DOM-Element uploads.
JavaScript warning: , line 0: WebGL warning: texImage: Alpha-premult and y-flip are deprecated for non-DOM-Element uploads.
JavaScript warning: , line 0: WebGL warning: texImage: Alpha-premult and y-flip are deprecated for non-DOM-Element uploads.
console.log: WebExtensions: reset-default-search: No addons in our list are installed.
console.log: WebExtensions: reset-default-search: No addons in our list are installed.
1617062174557	geckodriver	INFO	Listening on 127.0.0.1:60180
console.log: WebExtensions: reset-default-search: No addons in our list are installed.
1617062175571	mozrunner::runner	INFO	Running command: "/Applications/Firefox.app/Contents/MacOS/firefox-bin" "--marionette" "-foreground" "-no-remote" "-profile" "/var/folders/nt/8pxp61450tj938jy0294_cj80000gn/T/rust_mozprofile7aObRq"
console.warn: SearchSettings: "get: No settings file exists, new profile?" (new Error("", "(unknown module)"))
1617062179050	Marionette	INFO	Listening on port 60191
1617062179113	Marionette	WARN	TLS certificate errors will be ignored for this session
JavaScript warning: , line 0: WebGL warning: texImage: Alpha-premult and y-flip are deprecated for non-DOM-Element uploads.
JavaScript warning: , line 0: WebGL warning: texImage: Alpha-premult and y-flip are deprecated for non-DOM-Element uploads.
JavaScript warning: , line 0: WebGL warning: texImage: Alpha-premult and y-flip are deprecated for non-DOM-Element uploads.
JavaScript warning: , line 0: WebGL warning: texImage: Alpha-premult and y-flip are deprecated for non-DOM-Element uploads.
JavaScript warning: , line 0: WebGL warning: texImage: Alpha-premult and y-flip are deprecated for non-DOM-Element uploads.
JavaScript warning: , line 0: WebGL warning: texImage: Alpha-premult and y-flip are deprecated for non-DOM-Element uploads.
JavaScript warning: , line 0: WebGL warning: texImage: Alpha-premult and y-flip are deprecated for non-DOM-Element uploads.
JavaScript warning: , line 0: WebGL warning: texImage: Alpha-premult and y-flip are deprecated for non-DOM-Element uploads.
JavaScript warning: , line 0: WebGL warning: texImage: Alpha-premult and y-flip are deprecated for non-DOM-Element uploads.
1617062208642	Marionette	INFO	Stopped listening on port 59379
1617062210190	Marionette	INFO	Stopped listening on port 59463

###!!! [Parent][RunMessage] Error: Channel closing: too late to send/recv, messages will be lost

1617062211799	Marionette	INFO	Stopped listening on port 59563

###!!! [Parent][RunMessage] Error: Channel closing: too late to send/recv, messages will be lost

1617062213564	Marionette	INFO	Stopped listening on port 59695

###!!! [Parent][RunMessage] Error: Channel closing: too late to send/recv, messages will be lost

1617062215639	Marionette	INFO	Stopped listening on port 59796

###!!! [Parent][RunMessage] Error: Channel closing: too late to send/recv, messages will be lost

1617062217473	Marionette	INFO	Stopped listening on port 59930

###!!! [Parent][RunMessage] Error: Channel closing: too late to send/recv, messages will be lost

1617062219254	Marionette	INFO	Stopped listening on port 60034

###!!! [Parent][RunMessage] Error: Channel closing: too late to send/recv, messages will be lost

1617062386053	geckodriver	INFO	Listening on 127.0.0.1:60316
1617062387057	mozrunner::runner	INFO	Running command: "/Applications/Firefox.app/Contents/MacOS/firefox-bin" "--marionette" "-foreground" "-no-remote" "-profile" "/var/folders/nt/8pxp61450tj938jy0294_cj80000gn/T/rust_mozprofileWdktFT"
console.warn: SearchSettings: "get: No settings file exists, new profile?" (new Error("", "(unknown module)"))
1617062390223	Marionette	INFO	Listening on port 60327
1617062390274	Marionette	WARN	TLS certificate errors will be ignored for this session
JavaScript warning: , line 0: WebGL warning: texImage: Alpha-premult and y-flip are deprecated for non-DOM-Element uploads.
JavaScript warning: , line 0: WebGL warning: texImage: Alpha-premult and y-flip are deprecated for non-DOM-Element uploads.
JavaScript warning: , line 0: WebGL warning: texImage: Alpha-premult and y-flip are deprecated for non-DOM-Element uploads.
JavaScript warning: , line 0: WebGL warning: texImage: Alpha-premult and y-flip are deprecated for non-DOM-Element uploads.
JavaScript warning: , line 0: WebGL warning: texImage: Alpha-premult and y-flip are deprecated for non-DOM-Element uploads.
JavaScript warning: , line 0: WebGL warning: texImage: Alpha-premult and y-flip are deprecated for non-DOM-Element uploads.
JavaScript warning: , line 0: WebGL warning: texImage: Alpha-premult and y-flip are deprecated for non-DOM-Element uploads.
JavaScript warning: , line 0: WebGL warning: texImage: Alpha-premult and y-flip are deprecated for non-DOM-Element uploads.
JavaScript warning: , line 0: WebGL warning: texImage: Alpha-premult and y-flip are deprecated for non-DOM-Element uploads.
1617062423466	geckodriver	INFO	Listening on 127.0.0.1:60447
1617062424476	mozrunner::runner	INFO	Running command: "/Applications/Firefox.app/Contents/MacOS/firefox-bin" "--marionette" "-foreground" "-no-remote" "-profile" "/var/folders/nt/8pxp61450tj938jy0294_cj80000gn/T/rust_mozprofileJ9sXPA"
console.warn: SearchSettings: "get: No settings file exists, new profile?" (new Error("", "(unknown module)"))
1617062427710	Marionette	INFO	Listening on port 60458
1617062427797	Marionette	WARN	TLS certificate errors will be ignored for this session
JavaScript warning: , line 0: WebGL warning: texImage: Alpha-premult and y-flip are deprecated for non-DOM-Element uploads.
JavaScript warning: , line 0: WebGL warning: texImage: Alpha-premult and y-flip are deprecated for non-DOM-Element uploads.
JavaScript warning: , line 0: WebGL warning: texImage: Alpha-premult and y-flip are deprecated for non-DOM-Element uploads.
JavaScript warning: , line 0: WebGL warning: texImage: Alpha-premult and y-flip are deprecated for non-DOM-Element uploads.
JavaScript warning: , line 0: WebGL warning: texImage: Alpha-premult and y-flip are deprecated for non-DOM-Element uploads.
JavaScript warning: , line 0: WebGL warning: texImage: Alpha-premult and y-flip are deprecated for non-DOM-Element uploads.
JavaScript warning: , line 0: WebGL warning: texImage: Alpha-premult and y-flip are deprecated for non-DOM-Element uploads.
JavaScript warning: , line 0: WebGL warning: texImage: Alpha-premult and y-flip are deprecated for non-DOM-Element uploads.
JavaScript warning: , line 0: WebGL warning: texImage: Alpha-premult and y-flip are deprecated for non-DOM-Element uploads.
1617062457172	geckodriver	INFO	Listening on 127.0.0.1:60579
1617062458186	mozrunner::runner	INFO	Running command: "/Applications/Firefox.app/Contents/MacOS/firefox-bin" "--marionette" "-foreground" "-no-remote" "-profile" "/var/folders/nt/8pxp61450tj938jy0294_cj80000gn/T/rust_mozprofilexbp2Zx"
console.warn: SearchSettings: "get: No settings file exists, new profile?" (new Error("", "(unknown module)"))
1617062461326	Marionette	INFO	Listening on port 60590
1617062461414	Marionette	WARN	TLS certificate errors will be ignored for this session
JavaScript warning: , line 0: WebGL warning: texImage: Alpha-premult and y-flip are deprecated for non-DOM-Element uploads.
JavaScript warning: , line 0: WebGL warning: texImage: Alpha-premult and y-flip are deprecated for non-DOM-Element uploads.
JavaScript warning: , line 0: WebGL warning: texImage: Alpha-premult and y-flip are deprecated for non-DOM-Element uploads.
JavaScript warning: , line 0: WebGL warning: texImage: Alpha-premult and y-flip are deprecated for non-DOM-Element uploads.
JavaScript warning: , line 0: WebGL warning: texImage: Alpha-premult and y-flip are deprecated for non-DOM-Element uploads.
JavaScript warning: , line 0: WebGL warning: texImage: Alpha-premult and y-flip are deprecated for non-DOM-Element uploads.
JavaScript warning: , line 0: WebGL warning: texImage: Alpha-premult and y-flip are deprecated for non-DOM-Element uploads.
JavaScript warning: , line 0: WebGL warning: texImage: Alpha-premult and y-flip are deprecated for non-DOM-Element uploads.
JavaScript warning: , line 0: WebGL warning: texImage: Alpha-premult and y-flip are deprecated for non-DOM-Element uploads.
JavaScript warning: , line 0: WebGL warning: texImage: Alpha-premult and y-flip are deprecated for non-DOM-Element uploads.
JavaScript warning: , line 0: WebGL warning: texImage: Alpha-premult and y-flip are deprecated for non-DOM-Element uploads.
JavaScript warning: , line 0: WebGL warning: texImage: Alpha-premult and y-flip are deprecated for non-DOM-Element uploads.
JavaScript warning: , line 0: WebGL warning: texImage: Alpha-premult and y-flip are deprecated for non-DOM-Element uploads.
1617062602458	geckodriver	INFO	Listening on 127.0.0.1:60723
1617062603469	mozrunner::runner	INFO	Running command: "/Applications/Firefox.app/Contents/MacOS/firefox-bin" "--marionette" "-foreground" "-no-remote" "-profile" "/var/folders/nt/8pxp61450tj938jy0294_cj80000gn/T/rust_mozprofilekjssYY"
console.warn: SearchSettings: "get: No settings file exists, new profile?" (new Error("", "(unknown module)"))
1617062606679	Marionette	INFO	Listening on port 60734
1617062606778	Marionette	WARN	TLS certificate errors will be ignored for this session
JavaScript warning: , line 0: WebGL warning: texImage: Alpha-premult and y-flip are deprecated for non-DOM-Element uploads.
JavaScript warning: , line 0: WebGL warning: texImage: Alpha-premult and y-flip are deprecated for non-DOM-Element uploads.
JavaScript warning: , line 0: WebGL warning: texImage: Alpha-premult and y-flip are deprecated for non-DOM-Element uploads.
JavaScript warning: , line 0: WebGL warning: texImage: Alpha-premult and y-flip are deprecated for non-DOM-Element uploads.
JavaScript warning: , line 0: WebGL warning: texImage: Alpha-premult and y-flip are deprecated for non-DOM-Element uploads.
JavaScript warning: , line 0: WebGL warning: texImage: Alpha-premult and y-flip are deprecated for non-DOM-Element uploads.
JavaScript warning: , line 0: WebGL warning: texImage: Alpha-premult and y-flip are deprecated for non-DOM-Element uploads.
JavaScript warning: , line 0: WebGL warning: texImage: Alpha-premult and y-flip are deprecated for non-DOM-Element uploads.
JavaScript warning: , line 0: WebGL warning: texImage: Alpha-premult and y-flip are deprecated for non-DOM-Element uploads.
1617062637949	geckodriver	INFO	Listening on 127.0.0.1:60852
1617062638959	mozrunner::runner	INFO	Running command: "/Applications/Firefox.app/Contents/MacOS/firefox-bin" "--marionette" "-foreground" "-no-remote" "-profile" "/var/folders/nt/8pxp61450tj938jy0294_cj80000gn/T/rust_mozprofilehgHpdA"
console.warn: SearchSettings: "get: No settings file exists, new profile?" (new Error("", "(unknown module)"))
1617062642259	Marionette	INFO	Listening on port 60863
1617062642358	Marionette	WARN	TLS certificate errors will be ignored for this session
JavaScript warning: , line 0: WebGL warning: texImage: Alpha-premult and y-flip are deprecated for non-DOM-Element uploads.
JavaScript warning: , line 0: WebGL warning: texImage: Alpha-premult and y-flip are deprecated for non-DOM-Element uploads.
JavaScript warning: , line 0: WebGL warning: texImage: Alpha-premult and y-flip are deprecated for non-DOM-Element uploads.
JavaScript warning: , line 0: WebGL warning: texImage: Alpha-premult and y-flip are deprecated for non-DOM-Element uploads.
JavaScript warning: , line 0: WebGL warning: texImage: Alpha-premult and y-flip are deprecated for non-DOM-Element uploads.
JavaScript warning: , line 0: WebGL warning: texImage: Alpha-premult and y-flip are deprecated for non-DOM-Element uploads.
JavaScript warning: , line 0: WebGL warning: texImage: Alpha-premult and y-flip are deprecated for non-DOM-Element uploads.
JavaScript warning: , line 0: WebGL warning: texImage: Alpha-premult and y-flip are deprecated for non-DOM-Element uploads.
JavaScript warning: , line 0: WebGL warning: texImage: Alpha-premult and y-flip are deprecated for non-DOM-Element uploads.
console.warn: LoginRecipes: "getRecipes: falling back to a synchronous message for:" "https://reserve.anytimefitness.com"
JavaScript warning: , line 0: WebGL warning: texImage: Alpha-premult and y-flip are deprecated for non-DOM-Element uploads.
JavaScript warning: , line 0: WebGL warning: texImage: Alpha-premult and y-flip are deprecated for non-DOM-Element uploads.
JavaScript warning: , line 0: WebGL warning: texImage: Alpha-premult and y-flip are deprecated for non-DOM-Element uploads.
JavaScript warning: , line 0: WebGL warning: texImage: Alpha-premult and y-flip are deprecated for non-DOM-Element uploads.
console.log: WebExtensions: reset-default-search: No addons in our list are installed.
1617062714003	geckodriver	INFO	Listening on 127.0.0.1:61007
1617062715015	mozrunner::runner	INFO	Running command: "/Applications/Firefox.app/Contents/MacOS/firefox-bin" "--marionette" "-foreground" "-no-remote" "-profile" "/var/folders/nt/8pxp61450tj938jy0294_cj80000gn/T/rust_mozprofileocXawj"
console.warn: SearchSettings: "get: No settings file exists, new profile?" (new Error("", "(unknown module)"))
1617062718327	Marionette	INFO	Listening on port 61018
1617062718437	Marionette	WARN	TLS certificate errors will be ignored for this session
JavaScript warning: , line 0: WebGL warning: texImage: Alpha-premult and y-flip are deprecated for non-DOM-Element uploads.
JavaScript warning: , line 0: WebGL warning: texImage: Alpha-premult and y-flip are deprecated for non-DOM-Element uploads.
JavaScript warning: , line 0: WebGL warning: texImage: Alpha-premult and y-flip are deprecated for non-DOM-Element uploads.
JavaScript warning: , line 0: WebGL warning: texImage: Alpha-premult and y-flip are deprecated for non-DOM-Element uploads.
JavaScript warning: , line 0: WebGL warning: texImage: Alpha-premult and y-flip are deprecated for non-DOM-Element uploads.
JavaScript warning: , line 0: WebGL warning: texImage: Alpha-premult and y-flip are deprecated for non-DOM-Element uploads.
JavaScript warning: , line 0: WebGL warning: texImage: Alpha-premult and y-flip are deprecated for non-DOM-Element uploads.
JavaScript warning: , line 0: WebGL warning: texImage: Alpha-premult and y-flip are deprecated for non-DOM-Element uploads.
JavaScript warning: , line 0: WebGL warning: texImage: Alpha-premult and y-flip are deprecated for non-DOM-Element uploads.
JavaScript warning: , line 0: WebGL warning: texImage: Alpha-premult and y-flip are deprecated for non-DOM-Element uploads.
JavaScript warning: , line 0: WebGL warning: texImage: Alpha-premult and y-flip are deprecated for non-DOM-Element uploads.
JavaScript warning: , line 0: WebGL warning: texImage: Alpha-premult and y-flip are deprecated for non-DOM-Element uploads.
JavaScript warning: , line 0: WebGL warning: texImage: Alpha-premult and y-flip are deprecated for non-DOM-Element uploads.
JavaScript warning: , line 0: WebGL warning: texImage: Alpha-premult and y-flip are deprecated for non-DOM-Element uploads.
JavaScript warning: , line 0: WebGL warning: texImage: Alpha-premult and y-flip are deprecated for non-DOM-Element uploads.
JavaScript warning: , line 0: WebGL warning: texImage: Alpha-premult and y-flip are deprecated for non-DOM-Element uploads.
JavaScript warning: , line 0: WebGL warning: texImage: Alpha-premult and y-flip are deprecated for non-DOM-Element uploads.
JavaScript warning: , line 0: WebGL warning: texImage: Alpha-premult and y-flip are deprecated for non-DOM-Element uploads.
JavaScript warning: , line 0: WebGL warning: texImage: Alpha-premult and y-flip are deprecated for non-DOM-Element uploads.
JavaScript warning: , line 0: WebGL warning: texImage: Alpha-premult and y-flip are deprecated for non-DOM-Element uploads.
JavaScript warning: , line 0: WebGL warning: texImage: Alpha-premult and y-flip are deprecated for non-DOM-Element uploads.
JavaScript warning: , line 0: WebGL warning: texImage: Alpha-premult and y-flip are deprecated for non-DOM-Element uploads.
JavaScript warning: , line 0: WebGL warning: texImage: Alpha-premult and y-flip are deprecated for non-DOM-Element uploads.
JavaScript warning: , line 0: WebGL warning: texImage: Alpha-premult and y-flip are deprecated for non-DOM-Element uploads.
JavaScript warning: , line 0: WebGL warning: texImage: Alpha-premult and y-flip are deprecated for non-DOM-Element uploads.
JavaScript warning: , line 0: WebGL warning: texImage: Alpha-premult and y-flip are deprecated for non-DOM-Element uploads.
JavaScript warning: , line 0: WebGL warning: texImage: Alpha-premult and y-flip are deprecated for non-DOM-Element uploads.
JavaScript warning: , line 0: WebGL warning: texImage: Alpha-premult and y-flip are deprecated for non-DOM-Element uploads.
JavaScript warning: , line 0: WebGL warning: texImage: Alpha-premult and y-flip are deprecated for non-DOM-Element uploads.
JavaScript warning: , line 0: WebGL warning: texImage: Alpha-premult and y-flip are deprecated for non-DOM-Element uploads.
JavaScript warning: , line 0: WebGL warning: texImage: Alpha-premult and y-flip are deprecated for non-DOM-Element uploads.
JavaScript warning: , line 0: WebGL warning: texImage: Alpha-premult and y-flip are deprecated for non-DOM-Element uploads.
JavaScript warning: , line 0: After reporting 32, no further warnings will be reported for this WebGL context.
JavaScript warning: , line 0: WebGL warning: texImage: Alpha-premult and y-flip are deprecated for non-DOM-Element uploads.
JavaScript warning: , line 0: WebGL warning: texImage: Alpha-premult and y-flip are deprecated for non-DOM-Element uploads.
JavaScript warning: , line 0: WebGL warning: texImage: Alpha-premult and y-flip are deprecated for non-DOM-Element uploads.
JavaScript warning: , line 0: WebGL warning: texImage: Alpha-premult and y-flip are deprecated for non-DOM-Element uploads.
JavaScript warning: , line 0: WebGL warning: texImage: Alpha-premult and y-flip are deprecated for non-DOM-Element uploads.
JavaScript warning: , line 0: WebGL warning: texImage: Alpha-premult and y-flip are deprecated for non-DOM-Element uploads.
JavaScript warning: , line 0: WebGL warning: texImage: Alpha-premult and y-flip are deprecated for non-DOM-Element uploads.
JavaScript warning: , line 0: WebGL warning: texImage: Alpha-premult and y-flip are deprecated for non-DOM-Element uploads.
JavaScript warning: , line 0: WebGL warning: texImage: Alpha-premult and y-flip are deprecated for non-DOM-Element uploads.
JavaScript warning: , line 0: WebGL warning: texImage: Alpha-premult and y-flip are deprecated for non-DOM-Element uploads.
JavaScript warning: , line 0: WebGL warning: texImage: Alpha-premult and y-flip are deprecated for non-DOM-Element uploads.
1617062799446	Marionette	INFO	Stopped listening on port 60191

###!!! [Parent][RunMessage] Error: Channel closing: too late to send/recv, messages will be lost

1617062800886	Marionette	INFO	Stopped listening on port 60327

###!!! [Parent][RunMessage] Error: Channel closing: too late to send/recv, messages will be lost

1617062802526	Marionette	INFO	Stopped listening on port 60458

###!!! [Parent][RunMessage] Error: Channel closing: too late to send/recv, messages will be lost

1617062804058	Marionette	INFO	Stopped listening on port 60590

###!!! [Parent][RunMessage] Error: Channel closing: too late to send/recv, messages will be lost

1617062805779	Marionette	INFO	Stopped listening on port 60734

###!!! [Parent][RunMessage] Error: Channel closing: too late to send/recv, messages will be lost

1617062808712	Marionette	INFO	Stopped listening on port 60863

###!!! [Parent][RunMessage] Error: Channel closing: too late to send/recv, messages will be lost

1617062811122	Marionette	INFO	Stopped listening on port 61018

###!!! [Parent][RunMessage] Error: Channel closing: too late to send/recv, messages will be lost

1617062825523	geckodriver	INFO	Listening on 127.0.0.1:61176
1617062826537	mozrunner::runner	INFO	Running command: "/Applications/Firefox.app/Contents/MacOS/firefox-bin" "--marionette" "-foreground" "-no-remote" "-profile" "/var/folders/nt/8pxp61450tj938jy0294_cj80000gn/T/rust_mozprofilekcAmqP"
console.warn: SearchSettings: "get: No settings file exists, new profile?" (new Error("", "(unknown module)"))
1617062829682	Marionette	INFO	Listening on port 61187
1617062829741	Marionette	WARN	TLS certificate errors will be ignored for this session
JavaScript warning: , line 0: WebGL warning: texImage: Alpha-premult and y-flip are deprecated for non-DOM-Element uploads.
JavaScript warning: , line 0: WebGL warning: texImage: Alpha-premult and y-flip are deprecated for non-DOM-Element uploads.
JavaScript warning: , line 0: WebGL warning: texImage: Alpha-premult and y-flip are deprecated for non-DOM-Element uploads.
JavaScript warning: , line 0: WebGL warning: texImage: Alpha-premult and y-flip are deprecated for non-DOM-Element uploads.
JavaScript warning: , line 0: WebGL warning: texImage: Alpha-premult and y-flip are deprecated for non-DOM-Element uploads.
JavaScript warning: , line 0: WebGL warning: texImage: Alpha-premult and y-flip are deprecated for non-DOM-Element uploads.
JavaScript warning: , line 0: WebGL warning: texImage: Alpha-premult and y-flip are deprecated for non-DOM-Element uploads.
JavaScript warning: , line 0: WebGL warning: texImage: Alpha-premult and y-flip are deprecated for non-DOM-Element uploads.
JavaScript warning: , line 0: WebGL warning: texImage: Alpha-premult and y-flip are deprecated for non-DOM-Element uploads.
JavaScript warning: , line 0: WebGL warning: texImage: Alpha-premult and y-flip are deprecated for non-DOM-Element uploads.
JavaScript warning: , line 0: WebGL warning: texImage: Alpha-premult and y-flip are deprecated for non-DOM-Element uploads.
JavaScript warning: , line 0: WebGL warning: texImage: Alpha-premult and y-flip are deprecated for non-DOM-Element uploads.
JavaScript warning: , line 0: WebGL warning: texImage: Alpha-premult and y-flip are deprecated for non-DOM-Element uploads.
JavaScript warning: , line 0: WebGL warning: texImage: Alpha-premult and y-flip are deprecated for non-DOM-Element uploads.
JavaScript warning: , line 0: WebGL warning: texImage: Alpha-premult and y-flip are deprecated for non-DOM-Element uploads.
JavaScript warning: , line 0: WebGL warning: texImage: Alpha-premult and y-flip are deprecated for non-DOM-Element uploads.
JavaScript warning: , line 0: WebGL warning: texImage: Alpha-premult and y-flip are deprecated for non-DOM-Element uploads.
JavaScript warning: , line 0: WebGL warning: texImage: Alpha-premult and y-flip are deprecated for non-DOM-Element uploads.
JavaScript warning: , line 0: WebGL warning: texImage: Alpha-premult and y-flip are deprecated for non-DOM-Element uploads.
JavaScript warning: , line 0: WebGL warning: texImage: Alpha-premult and y-flip are deprecated for non-DOM-Element uploads.
JavaScript warning: , line 0: WebGL warning: texImage: Alpha-premult and y-flip are deprecated for non-DOM-Element uploads.
JavaScript warning: , line 0: WebGL warning: texImage: Alpha-premult and y-flip are deprecated for non-DOM-Element uploads.
JavaScript warning: , line 0: WebGL warning: texImage: Alpha-premult and y-flip are deprecated for non-DOM-Element uploads.
JavaScript warning: , line 0: WebGL warning: texImage: Alpha-premult and y-flip are deprecated for non-DOM-Element uploads.
JavaScript warning: , line 0: WebGL warning: texImage: Alpha-premult and y-flip are deprecated for non-DOM-Element uploads.
JavaScript warning: , line 0: WebGL warning: texImage: Alpha-premult and y-flip are deprecated for non-DOM-Element uploads.
JavaScript warning: , line 0: WebGL warning: texImage: Alpha-premult and y-flip are deprecated for non-DOM-Element uploads.
JavaScript warning: , line 0: WebGL warning: texImage: Alpha-premult and y-flip are deprecated for non-DOM-Element uploads.
JavaScript warning: , line 0: WebGL warning: texImage: Alpha-premult and y-flip are deprecated for non-DOM-Element uploads.
JavaScript warning: , line 0: WebGL warning: texImage: Alpha-premult and y-flip are deprecated for non-DOM-Element uploads.
JavaScript warning: , line 0: WebGL warning: texImage: Alpha-premult and y-flip are deprecated for non-DOM-Element uploads.
JavaScript warning: , line 0: WebGL warning: texImage: Alpha-premult and y-flip are deprecated for non-DOM-Element uploads.
JavaScript warning: , line 0: After reporting 32, no further warnings will be reported for this WebGL context.
JavaScript warning: , line 0: WebGL warning: texImage: Alpha-premult and y-flip are deprecated for non-DOM-Element uploads.
JavaScript warning: , line 0: WebGL warning: texImage: Alpha-premult and y-flip are deprecated for non-DOM-Element uploads.
JavaScript warning: , line 0: WebGL warning: texImage: Alpha-premult and y-flip are deprecated for non-DOM-Element uploads.
JavaScript warning: , line 0: WebGL warning: texImage: Alpha-premult and y-flip are deprecated for non-DOM-Element uploads.
JavaScript warning: , line 0: WebGL warning: texImage: Alpha-premult and y-flip are deprecated for non-DOM-Element uploads.
JavaScript warning: , line 0: WebGL warning: texImage: Alpha-premult and y-flip are deprecated for non-DOM-Element uploads.
JavaScript warning: , line 0: WebGL warning: texImage: Alpha-premult and y-flip are deprecated for non-DOM-Element uploads.
JavaScript warning: , line 0: WebGL warning: texImage: Alpha-premult and y-flip are deprecated for non-DOM-Element uploads.
JavaScript warning: , line 0: WebGL warning: texImage: Alpha-premult and y-flip are deprecated for non-DOM-Element uploads.
JavaScript warning: , line 0: WebGL warning: texImage: Alpha-premult and y-flip are deprecated for non-DOM-Element uploads.
JavaScript warning: , line 0: WebGL warning: texImage: Alpha-premult and y-flip are deprecated for non-DOM-Element uploads.
JavaScript warning: , line 0: WebGL warning: texImage: Alpha-premult and y-flip are deprecated for non-DOM-Element uploads.
JavaScript warning: , line 0: WebGL warning: texImage: Alpha-premult and y-flip are deprecated for non-DOM-Element uploads.
JavaScript warning: , line 0: WebGL warning: texImage: Alpha-premult and y-flip are deprecated for non-DOM-Element uploads.
JavaScript warning: , line 0: WebGL warning: texImage: Alpha-premult and y-flip are deprecated for non-DOM-Element uploads.
JavaScript warning: , line 0: WebGL warning: texImage: Alpha-premult and y-flip are deprecated for non-DOM-Element uploads.
JavaScript warning: , line 0: WebGL warning: texImage: Alpha-premult and y-flip are deprecated for non-DOM-Element uploads.
1617062900999	geckodriver	INFO	Listening on 127.0.0.1:61335
1617062902013	mozrunner::runner	INFO	Running command: "/Applications/Firefox.app/Contents/MacOS/firefox-bin" "--marionette" "-foreground" "-no-remote" "-profile" "/var/folders/nt/8pxp61450tj938jy0294_cj80000gn/T/rust_mozprofileHkDN4n"
console.warn: SearchSettings: "get: No settings file exists, new profile?" (new Error("", "(unknown module)"))
1617062905125	Marionette	INFO	Listening on port 61346
1617062905216	Marionette	WARN	TLS certificate errors will be ignored for this session
JavaScript warning: , line 0: WebGL warning: texImage: Alpha-premult and y-flip are deprecated for non-DOM-Element uploads.
JavaScript warning: , line 0: WebGL warning: texImage: Alpha-premult and y-flip are deprecated for non-DOM-Element uploads.
JavaScript warning: , line 0: WebGL warning: texImage: Alpha-premult and y-flip are deprecated for non-DOM-Element uploads.
JavaScript warning: , line 0: WebGL warning: texImage: Alpha-premult and y-flip are deprecated for non-DOM-Element uploads.
JavaScript warning: , line 0: WebGL warning: texImage: Alpha-premult and y-flip are deprecated for non-DOM-Element uploads.
JavaScript warning: , line 0: WebGL warning: texImage: Alpha-premult and y-flip are deprecated for non-DOM-Element uploads.
JavaScript warning: , line 0: WebGL warning: texImage: Alpha-premult and y-flip are deprecated for non-DOM-Element uploads.
JavaScript warning: , line 0: WebGL warning: texImage: Alpha-premult and y-flip are deprecated for non-DOM-Element uploads.
JavaScript warning: , line 0: WebGL warning: texImage: Alpha-premult and y-flip are deprecated for non-DOM-Element uploads.
1617063132702	geckodriver	INFO	Listening on 127.0.0.1:61505
1617063133717	mozrunner::runner	INFO	Running command: "/Applications/Firefox.app/Contents/MacOS/firefox-bin" "--marionette" "-foreground" "-no-remote" "-profile" "/var/folders/nt/8pxp61450tj938jy0294_cj80000gn/T/rust_mozprofiledlChq0"
console.warn: SearchSettings: "get: No settings file exists, new profile?" (new Error("", "(unknown module)"))
1617063136861	Marionette	INFO	Listening on port 61516
1617063136955	Marionette	WARN	TLS certificate errors will be ignored for this session
JavaScript warning: , line 0: WebGL warning: texImage: Alpha-premult and y-flip are deprecated for non-DOM-Element uploads.
JavaScript warning: , line 0: WebGL warning: texImage: Alpha-premult and y-flip are deprecated for non-DOM-Element uploads.
JavaScript warning: , line 0: WebGL warning: texImage: Alpha-premult and y-flip are deprecated for non-DOM-Element uploads.
JavaScript warning: , line 0: WebGL warning: texImage: Alpha-premult and y-flip are deprecated for non-DOM-Element uploads.
JavaScript warning: , line 0: WebGL warning: texImage: Alpha-premult and y-flip are deprecated for non-DOM-Element uploads.
JavaScript warning: , line 0: WebGL warning: texImage: Alpha-premult and y-flip are deprecated for non-DOM-Element uploads.
JavaScript warning: , line 0: WebGL warning: texImage: Alpha-premult and y-flip are deprecated for non-DOM-Element uploads.
JavaScript warning: , line 0: WebGL warning: texImage: Alpha-premult and y-flip are deprecated for non-DOM-Element uploads.
JavaScript warning: , line 0: WebGL warning: texImage: Alpha-premult and y-flip are deprecated for non-DOM-Element uploads.
1617063203008	geckodriver	INFO	Listening on 127.0.0.1:61641
1617063204019	mozrunner::runner	INFO	Running command: "/Applications/Firefox.app/Contents/MacOS/firefox-bin" "--marionette" "-foreground" "-no-remote" "-profile" "/var/folders/nt/8pxp61450tj938jy0294_cj80000gn/T/rust_mozprofileaBvRHx"
console.warn: SearchSettings: "get: No settings file exists, new profile?" (new Error("", "(unknown module)"))
1617063207146	Marionette	INFO	Listening on port 61652
1617063207233	Marionette	WARN	TLS certificate errors will be ignored for this session
JavaScript warning: , line 0: WebGL warning: texImage: Alpha-premult and y-flip are deprecated for non-DOM-Element uploads.
JavaScript warning: , line 0: WebGL warning: texImage: Alpha-premult and y-flip are deprecated for non-DOM-Element uploads.
JavaScript warning: , line 0: WebGL warning: texImage: Alpha-premult and y-flip are deprecated for non-DOM-Element uploads.
JavaScript warning: , line 0: WebGL warning: texImage: Alpha-premult and y-flip are deprecated for non-DOM-Element uploads.
JavaScript warning: , line 0: WebGL warning: texImage: Alpha-premult and y-flip are deprecated for non-DOM-Element uploads.
JavaScript warning: , line 0: WebGL warning: texImage: Alpha-premult and y-flip are deprecated for non-DOM-Element uploads.
JavaScript warning: , line 0: WebGL warning: texImage: Alpha-premult and y-flip are deprecated for non-DOM-Element uploads.
JavaScript warning: , line 0: WebGL warning: texImage: Alpha-premult and y-flip are deprecated for non-DOM-Element uploads.
JavaScript warning: , line 0: WebGL warning: texImage: Alpha-premult and y-flip are deprecated for non-DOM-Element uploads.
1617063279433	geckodriver	INFO	Listening on 127.0.0.1:61791
1617063280435	mozrunner::runner	INFO	Running command: "/Applications/Firefox.app/Contents/MacOS/firefox-bin" "--marionette" "-foreground" "-no-remote" "-profile" "/var/folders/nt/8pxp61450tj938jy0294_cj80000gn/T/rust_mozprofile7SJvyy"
console.warn: SearchSettings: "get: No settings file exists, new profile?" (new Error("", "(unknown module)"))
1617063283862	Marionette	INFO	Listening on port 61802
1617063283937	Marionette	WARN	TLS certificate errors will be ignored for this session
JavaScript warning: , line 0: WebGL warning: texImage: Alpha-premult and y-flip are deprecated for non-DOM-Element uploads.
JavaScript warning: , line 0: WebGL warning: texImage: Alpha-premult and y-flip are deprecated for non-DOM-Element uploads.
JavaScript warning: , line 0: WebGL warning: texImage: Alpha-premult and y-flip are deprecated for non-DOM-Element uploads.
JavaScript warning: , line 0: WebGL warning: texImage: Alpha-premult and y-flip are deprecated for non-DOM-Element uploads.
JavaScript warning: , line 0: WebGL warning: texImage: Alpha-premult and y-flip are deprecated for non-DOM-Element uploads.
JavaScript warning: , line 0: WebGL warning: texImage: Alpha-premult and y-flip are deprecated for non-DOM-Element uploads.
JavaScript warning: , line 0: WebGL warning: texImage: Alpha-premult and y-flip are deprecated for non-DOM-Element uploads.
JavaScript warning: , line 0: WebGL warning: texImage: Alpha-premult and y-flip are deprecated for non-DOM-Element uploads.
JavaScript warning: , line 0: WebGL warning: texImage: Alpha-premult and y-flip are deprecated for non-DOM-Element uploads.
console.log: WebExtensions: reset-default-search: No addons in our list are installed.
console.log: WebExtensions: reset-default-search: No addons in our list are installed.
console.log: WebExtensions: reset-default-search: No addons in our list are installed.
1617063657950	geckodriver	INFO	Listening on 127.0.0.1:61974
1617063658957	mozrunner::runner	INFO	Running command: "/Applications/Firefox.app/Contents/MacOS/firefox-bin" "--marionette" "-foreground" "-no-remote" "-profile" "/var/folders/nt/8pxp61450tj938jy0294_cj80000gn/T/rust_mozprofilef8Zelo"
console.warn: SearchSettings: "get: No settings file exists, new profile?" (new Error("", "(unknown module)"))
1617063662310	Marionette	INFO	Listening on port 61985
1617063662376	Marionette	WARN	TLS certificate errors will be ignored for this session
JavaScript warning: , line 0: WebGL warning: texImage: Alpha-premult and y-flip are deprecated for non-DOM-Element uploads.
JavaScript error: https://reserve.anytimefitness.com/static/js/main.7ab77c9e.chunk.js, line 1: TypeError: t is undefined
console.log: WebExtensions: reset-default-search: No addons in our list are installed.
1617063765399	geckodriver	INFO	Listening on 127.0.0.1:62103
1617063766400	mozrunner::runner	INFO	Running command: "/Applications/Firefox.app/Contents/MacOS/firefox-bin" "--marionette" "-foreground" "-no-remote" "-profile" "/var/folders/nt/8pxp61450tj938jy0294_cj80000gn/T/rust_mozprofileGbNdYy"
console.warn: SearchSettings: "get: No settings file exists, new profile?" (new Error("", "(unknown module)"))
1617063769823	Marionette	INFO	Listening on port 62114
1617063769919	Marionette	WARN	TLS certificate errors will be ignored for this session
JavaScript warning: , line 0: WebGL warning: texImage: Alpha-premult and y-flip are deprecated for non-DOM-Element uploads.
console.log: WebExtensions: reset-default-search: No addons in our list are installed.
1617063831202	geckodriver	INFO	Listening on 127.0.0.1:62243
1617063832212	mozrunner::runner	INFO	Running command: "/Applications/Firefox.app/Contents/MacOS/firefox-bin" "--marionette" "-foreground" "-no-remote" "-profile" "/var/folders/nt/8pxp61450tj938jy0294_cj80000gn/T/rust_mozprofilex0dJzs"
console.warn: SearchSettings: "get: No settings file exists, new profile?" (new Error("", "(unknown module)"))
1617063835668	Marionette	INFO	Listening on port 62254
1617063835727	Marionette	WARN	TLS certificate errors will be ignored for this session
JavaScript warning: , line 0: WebGL warning: texImage: Alpha-premult and y-flip are deprecated for non-DOM-Element uploads.
JavaScript warning: , line 0: WebGL warning: texImage: Alpha-premult and y-flip are deprecated for non-DOM-Element uploads.
JavaScript warning: , line 0: WebGL warning: texImage: Alpha-premult and y-flip are deprecated for non-DOM-Element uploads.
JavaScript warning: , line 0: WebGL warning: texImage: Alpha-premult and y-flip are deprecated for non-DOM-Element uploads.
JavaScript warning: , line 0: WebGL warning: texImage: Alpha-premult and y-flip are deprecated for non-DOM-Element uploads.
JavaScript warning: , line 0: WebGL warning: texImage: Alpha-premult and y-flip are deprecated for non-DOM-Element uploads.
JavaScript warning: , line 0: WebGL warning: texImage: Alpha-premult and y-flip are deprecated for non-DOM-Element uploads.
JavaScript warning: , line 0: WebGL warning: texImage: Alpha-premult and y-flip are deprecated for non-DOM-Element uploads.
JavaScript warning: , line 0: WebGL warning: texImage: Alpha-premult and y-flip are deprecated for non-DOM-Element uploads.
1617063918799	Marionette	INFO	Stopped listening on port 61187

###!!! [Parent][RunMessage] Error: Channel closing: too late to send/recv, messages will be lost

1617063920761	Marionette	INFO	Stopped listening on port 61346

###!!! [Parent][RunMessage] Error: Channel closing: too late to send/recv, messages will be lost

1617063921959	Marionette	INFO	Stopped listening on port 61516

###!!! [Parent][RunMessage] Error: Channel closing: too late to send/recv, messages will be lost


###!!! [Child][MessageChannel] Error: (msgtype=0x5C0004,name=PHttpChannel::Msg_Cancel) Channel closing: too late to send/recv, messages will be lost


###!!! [Child][MessageChannel] Error: (msgtype=0x5C0009,name=PHttpChannel::Msg_DeletingChannel) Channel closing: too late to send/recv, messages will be lost

1617063922996	Marionette	INFO	Stopped listening on port 61652

###!!! [Parent][RunMessage] Error: Channel closing: too late to send/recv, messages will be lost


###!!! [Child][RunMessage] Error: Channel closing: too late to send/recv, messages will be lost

1617063924183	Marionette	INFO	Stopped listening on port 61802

###!!! [Parent][RunMessage] Error: Channel closing: too late to send/recv, messages will be lost

1617063925220	Marionette	INFO	Stopped listening on port 61985

###!!! [Parent][RunMessage] Error: Channel closing: too late to send/recv, messages will be lost

1617063926332	Marionette	INFO	Stopped listening on port 62114

###!!! [Parent][RunMessage] Error: Channel closing: too late to send/recv, messages will be lost

1617063927843	Marionette	INFO	Stopped listening on port 62254

###!!! [Parent][RunMessage] Error: Channel closing: too late to send/recv, messages will be lost

1617063929508	geckodriver	INFO	Listening on 127.0.0.1:62382
1617063930515	mozrunner::runner	INFO	Running command: "/Applications/Firefox.app/Contents/MacOS/firefox-bin" "--marionette" "-foreground" "-no-remote" "-profile" "/var/folders/nt/8pxp61450tj938jy0294_cj80000gn/T/rust_mozprofileEQarPT"
console.warn: SearchSettings: "get: No settings file exists, new profile?" (new Error("", "(unknown module)"))
1617063933659	Marionette	INFO	Listening on port 62393
1617063933729	Marionette	WARN	TLS certificate errors will be ignored for this session
JavaScript warning: , line 0: WebGL warning: texImage: Alpha-premult and y-flip are deprecated for non-DOM-Element uploads.
JavaScript warning: , line 0: WebGL warning: texImage: Alpha-premult and y-flip are deprecated for non-DOM-Element uploads.
JavaScript warning: , line 0: WebGL warning: texImage: Alpha-premult and y-flip are deprecated for non-DOM-Element uploads.
JavaScript warning: , line 0: WebGL warning: texImage: Alpha-premult and y-flip are deprecated for non-DOM-Element uploads.
JavaScript warning: , line 0: WebGL warning: texImage: Alpha-premult and y-flip are deprecated for non-DOM-Element uploads.
JavaScript warning: , line 0: WebGL warning: texImage: Alpha-premult and y-flip are deprecated for non-DOM-Element uploads.
JavaScript warning: , line 0: WebGL warning: texImage: Alpha-premult and y-flip are deprecated for non-DOM-Element uploads.
JavaScript warning: , line 0: WebGL warning: texImage: Alpha-premult and y-flip are deprecated for non-DOM-Element uploads.
JavaScript warning: , line 0: WebGL warning: texImage: Alpha-premult and y-flip are deprecated for non-DOM-Element uploads.
1617064148367	geckodriver	INFO	Listening on 127.0.0.1:62532
1617064149381	mozrunner::runner	INFO	Running command: "/Applications/Firefox.app/Contents/MacOS/firefox-bin" "--marionette" "-foreground" "-no-remote" "-profile" "/var/folders/nt/8pxp61450tj938jy0294_cj80000gn/T/rust_mozprofileCu6Lrd"
console.warn: SearchSettings: "get: No settings file exists, new profile?" (new Error("", "(unknown module)"))
1617064152588	Marionette	INFO	Listening on port 62543
1617064152729	Marionette	WARN	TLS certificate errors will be ignored for this session
JavaScript warning: , line 0: WebGL warning: texImage: Alpha-premult and y-flip are deprecated for non-DOM-Element uploads.
JavaScript warning: , line 0: WebGL warning: texImage: Alpha-premult and y-flip are deprecated for non-DOM-Element uploads.
JavaScript warning: , line 0: WebGL warning: texImage: Alpha-premult and y-flip are deprecated for non-DOM-Element uploads.
JavaScript warning: , line 0: WebGL warning: texImage: Alpha-premult and y-flip are deprecated for non-DOM-Element uploads.
JavaScript warning: , line 0: WebGL warning: texImage: Alpha-premult and y-flip are deprecated for non-DOM-Element uploads.
JavaScript warning: , line 0: WebGL warning: texImage: Alpha-premult and y-flip are deprecated for non-DOM-Element uploads.
JavaScript warning: , line 0: WebGL warning: texImage: Alpha-premult and y-flip are deprecated for non-DOM-Element uploads.
JavaScript warning: , line 0: WebGL warning: texImage: Alpha-premult and y-flip are deprecated for non-DOM-Element uploads.
JavaScript warning: , line 0: WebGL warning: texImage: Alpha-premult and y-flip are deprecated for non-DOM-Element uploads.
JavaScript warning: , line 0: WebGL warning: texImage: Alpha-premult and y-flip are deprecated for non-DOM-Element uploads.
JavaScript warning: , line 0: WebGL warning: texImage: Alpha-premult and y-flip are deprecated for non-DOM-Element uploads.
JavaScript warning: , line 0: WebGL warning: texImage: Alpha-premult and y-flip are deprecated for non-DOM-Element uploads.
JavaScript warning: , line 0: WebGL warning: texImage: Alpha-premult and y-flip are deprecated for non-DOM-Element uploads.
JavaScript warning: , line 0: WebGL warning: texImage: Alpha-premult and y-flip are deprecated for non-DOM-Element uploads.
JavaScript warning: , line 0: WebGL warning: texImage: Alpha-premult and y-flip are deprecated for non-DOM-Element uploads.
JavaScript warning: , line 0: WebGL warning: texImage: Alpha-premult and y-flip are deprecated for non-DOM-Element uploads.
JavaScript warning: , line 0: WebGL warning: texImage: Alpha-premult and y-flip are deprecated for non-DOM-Element uploads.
JavaScript warning: , line 0: WebGL warning: texImage: Alpha-premult and y-flip are deprecated for non-DOM-Element uploads.
1617064344264	Marionette	INFO	Stopped listening on port 62393

###!!! [Parent][RunMessage] Error: Channel closing: too late to send/recv, messages will be lost

1617064346533	Marionette	INFO	Stopped listening on port 62543

###!!! [Parent][RunMessage] Error: Channel closing: too late to send/recv, messages will be lost

1617064349069	geckodriver	INFO	Listening on 127.0.0.1:62679
1617064350091	mozrunner::runner	INFO	Running command: "/Applications/Firefox.app/Contents/MacOS/firefox-bin" "--marionette" "-foreground" "-no-remote" "-profile" "/var/folders/nt/8pxp61450tj938jy0294_cj80000gn/T/rust_mozprofilehfYSCD"
console.warn: SearchSettings: "get: No settings file exists, new profile?" (new Error("", "(unknown module)"))
1617064353258	Marionette	INFO	Listening on port 62690
1617064353299	Marionette	WARN	TLS certificate errors will be ignored for this session
JavaScript warning: , line 0: WebGL warning: texImage: Alpha-premult and y-flip are deprecated for non-DOM-Element uploads.
JavaScript warning: , line 0: WebGL warning: texImage: Alpha-premult and y-flip are deprecated for non-DOM-Element uploads.
JavaScript warning: , line 0: WebGL warning: texImage: Alpha-premult and y-flip are deprecated for non-DOM-Element uploads.
JavaScript warning: , line 0: WebGL warning: texImage: Alpha-premult and y-flip are deprecated for non-DOM-Element uploads.
JavaScript warning: , line 0: WebGL warning: texImage: Alpha-premult and y-flip are deprecated for non-DOM-Element uploads.
JavaScript warning: , line 0: WebGL warning: texImage: Alpha-premult and y-flip are deprecated for non-DOM-Element uploads.
JavaScript warning: , line 0: WebGL warning: texImage: Alpha-premult and y-flip are deprecated for non-DOM-Element uploads.
JavaScript warning: , line 0: WebGL warning: texImage: Alpha-premult and y-flip are deprecated for non-DOM-Element uploads.
JavaScript warning: , line 0: WebGL warning: texImage: Alpha-premult and y-flip are deprecated for non-DOM-Element uploads.
console.log: WebExtensions: reset-default-search: No addons in our list are installed.
1617064919864	geckodriver	INFO	Listening on 127.0.0.1:62853
1617064920876	mozrunner::runner	INFO	Running command: "/Applications/Firefox.app/Contents/MacOS/firefox-bin" "--marionette" "-foreground" "-no-remote" "-profile" "/var/folders/nt/8pxp61450tj938jy0294_cj80000gn/T/rust_mozprofilegt6wdw"
console.warn: SearchSettings: "get: No settings file exists, new profile?" (new Error("", "(unknown module)"))
1617064924092	Marionette	INFO	Listening on port 62864
1617064924182	Marionette	WARN	TLS certificate errors will be ignored for this session
JavaScript warning: , line 0: WebGL warning: texImage: Alpha-premult and y-flip are deprecated for non-DOM-Element uploads.
JavaScript warning: , line 0: WebGL warning: texImage: Alpha-premult and y-flip are deprecated for non-DOM-Element uploads.
JavaScript warning: , line 0: WebGL warning: texImage: Alpha-premult and y-flip are deprecated for non-DOM-Element uploads.
JavaScript warning: , line 0: WebGL warning: texImage: Alpha-premult and y-flip are deprecated for non-DOM-Element uploads.
JavaScript warning: , line 0: WebGL warning: texImage: Alpha-premult and y-flip are deprecated for non-DOM-Element uploads.
JavaScript warning: , line 0: WebGL warning: texImage: Alpha-premult and y-flip are deprecated for non-DOM-Element uploads.
JavaScript warning: , line 0: WebGL warning: texImage: Alpha-premult and y-flip are deprecated for non-DOM-Element uploads.
JavaScript warning: , line 0: WebGL warning: texImage: Alpha-premult and y-flip are deprecated for non-DOM-Element uploads.
JavaScript warning: , line 0: WebGL warning: texImage: Alpha-premult and y-flip are deprecated for non-DOM-Element uploads.
1617065052034	geckodriver	INFO	Listening on 127.0.0.1:62991
1617065053050	mozrunner::runner	INFO	Running command: "/Applications/Firefox.app/Contents/MacOS/firefox-bin" "--marionette" "-foreground" "-no-remote" "-profile" "/var/folders/nt/8pxp61450tj938jy0294_cj80000gn/T/rust_mozprofilebWu6kx"
console.warn: SearchSettings: "get: No settings file exists, new profile?" (new Error("", "(unknown module)"))
1617065056185	Marionette	INFO	Listening on port 63002
1617065056264	Marionette	WARN	TLS certificate errors will be ignored for this session
JavaScript warning: , line 0: WebGL warning: texImage: Alpha-premult and y-flip are deprecated for non-DOM-Element uploads.
JavaScript warning: , line 0: WebGL warning: texImage: Alpha-premult and y-flip are deprecated for non-DOM-Element uploads.
JavaScript warning: , line 0: WebGL warning: texImage: Alpha-premult and y-flip are deprecated for non-DOM-Element uploads.
JavaScript warning: , line 0: WebGL warning: texImage: Alpha-premult and y-flip are deprecated for non-DOM-Element uploads.
JavaScript warning: , line 0: WebGL warning: texImage: Alpha-premult and y-flip are deprecated for non-DOM-Element uploads.
JavaScript warning: , line 0: WebGL warning: texImage: Alpha-premult and y-flip are deprecated for non-DOM-Element uploads.
JavaScript warning: , line 0: WebGL warning: texImage: Alpha-premult and y-flip are deprecated for non-DOM-Element uploads.
JavaScript warning: , line 0: WebGL warning: texImage: Alpha-premult and y-flip are deprecated for non-DOM-Element uploads.
JavaScript warning: , line 0: WebGL warning: texImage: Alpha-premult and y-flip are deprecated for non-DOM-Element uploads.
1617065127681	geckodriver	INFO	Listening on 127.0.0.1:63126
1617065128695	mozrunner::runner	INFO	Running command: "/Applications/Firefox.app/Contents/MacOS/firefox-bin" "--marionette" "-foreground" "-no-remote" "-profile" "/var/folders/nt/8pxp61450tj938jy0294_cj80000gn/T/rust_mozprofilecqZNQi"
console.warn: SearchSettings: "get: No settings file exists, new profile?" (new Error("", "(unknown module)"))
1617065131973	Marionette	INFO	Listening on port 63137
1617065131999	Marionette	WARN	TLS certificate errors will be ignored for this session
JavaScript warning: , line 0: WebGL warning: texImage: Alpha-premult and y-flip are deprecated for non-DOM-Element uploads.
JavaScript warning: , line 0: WebGL warning: texImage: Alpha-premult and y-flip are deprecated for non-DOM-Element uploads.
JavaScript warning: , line 0: WebGL warning: texImage: Alpha-premult and y-flip are deprecated for non-DOM-Element uploads.
JavaScript warning: , line 0: WebGL warning: texImage: Alpha-premult and y-flip are deprecated for non-DOM-Element uploads.
JavaScript warning: , line 0: WebGL warning: texImage: Alpha-premult and y-flip are deprecated for non-DOM-Element uploads.
JavaScript warning: , line 0: WebGL warning: texImage: Alpha-premult and y-flip are deprecated for non-DOM-Element uploads.
JavaScript warning: , line 0: WebGL warning: texImage: Alpha-premult and y-flip are deprecated for non-DOM-Element uploads.
JavaScript warning: , line 0: WebGL warning: texImage: Alpha-premult and y-flip are deprecated for non-DOM-Element uploads.
JavaScript warning: , line 0: WebGL warning: texImage: Alpha-premult and y-flip are deprecated for non-DOM-Element uploads.
console.log: WebExtensions: reset-default-search: No addons in our list are installed.
console.log: WebExtensions: reset-default-search: No addons in our list are installed.
console.log: WebExtensions: reset-default-search: No addons in our list are installed.
1617065712713	geckodriver	INFO	Listening on 127.0.0.1:63336
1617065713720	mozrunner::runner	INFO	Running command: "/Applications/Firefox.app/Contents/MacOS/firefox-bin" "--marionette" "-foreground" "-no-remote" "-profile" "/var/folders/nt/8pxp61450tj938jy0294_cj80000gn/T/rust_mozprofileTEZN9r"
console.warn: SearchSettings: "get: No settings file exists, new profile?" (new Error("", "(unknown module)"))
1617065716991	Marionette	INFO	Listening on port 63348
1617065717049	Marionette	WARN	TLS certificate errors will be ignored for this session
JavaScript warning: , line 0: WebGL warning: texImage: Alpha-premult and y-flip are deprecated for non-DOM-Element uploads.
JavaScript warning: , line 0: WebGL warning: texImage: Alpha-premult and y-flip are deprecated for non-DOM-Element uploads.
JavaScript warning: , line 0: WebGL warning: texImage: Alpha-premult and y-flip are deprecated for non-DOM-Element uploads.
JavaScript warning: , line 0: WebGL warning: texImage: Alpha-premult and y-flip are deprecated for non-DOM-Element uploads.
JavaScript warning: , line 0: WebGL warning: texImage: Alpha-premult and y-flip are deprecated for non-DOM-Element uploads.
1617065799829	geckodriver	INFO	Listening on 127.0.0.1:63473
1617065800841	mozrunner::runner	INFO	Running command: "/Applications/Firefox.app/Contents/MacOS/firefox-bin" "--marionette" "-foreground" "-no-remote" "-profile" "/var/folders/nt/8pxp61450tj938jy0294_cj80000gn/T/rust_mozprofileT0I03S"
console.warn: SearchSettings: "get: No settings file exists, new profile?" (new Error("", "(unknown module)"))
1617065804099	Marionette	INFO	Listening on port 63484
1617065804154	Marionette	WARN	TLS certificate errors will be ignored for this session
JavaScript warning: , line 0: WebGL warning: texImage: Alpha-premult and y-flip are deprecated for non-DOM-Element uploads.
JavaScript warning: , line 0: WebGL warning: texImage: Alpha-premult and y-flip are deprecated for non-DOM-Element uploads.
JavaScript warning: , line 0: WebGL warning: texImage: Alpha-premult and y-flip are deprecated for non-DOM-Element uploads.
JavaScript warning: , line 0: WebGL warning: texImage: Alpha-premult and y-flip are deprecated for non-DOM-Element uploads.
JavaScript warning: , line 0: WebGL warning: texImage: Alpha-premult and y-flip are deprecated for non-DOM-Element uploads.
JavaScript warning: , line 0: WebGL warning: texImage: Alpha-premult and y-flip are deprecated for non-DOM-Element uploads.
JavaScript warning: , line 0: WebGL warning: texImage: Alpha-premult and y-flip are deprecated for non-DOM-Element uploads.
JavaScript warning: , line 0: WebGL warning: texImage: Alpha-premult and y-flip are deprecated for non-DOM-Element uploads.
JavaScript warning: , line 0: WebGL warning: texImage: Alpha-premult and y-flip are deprecated for non-DOM-Element uploads.
1617066070165	geckodriver	INFO	Listening on 127.0.0.1:63621
1617066071175	mozrunner::runner	INFO	Running command: "/Applications/Firefox.app/Contents/MacOS/firefox-bin" "--marionette" "-foreground" "-no-remote" "-profile" "/var/folders/nt/8pxp61450tj938jy0294_cj80000gn/T/rust_mozprofileT5f5EN"
console.warn: SearchSettings: "get: No settings file exists, new profile?" (new Error("", "(unknown module)"))
1617066074450	Marionette	INFO	Listening on port 63632
1617066074483	Marionette	WARN	TLS certificate errors will be ignored for this session
JavaScript warning: , line 0: WebGL warning: texImage: Alpha-premult and y-flip are deprecated for non-DOM-Element uploads.
JavaScript warning: , line 0: WebGL warning: texImage: Alpha-premult and y-flip are deprecated for non-DOM-Element uploads.
JavaScript warning: , line 0: WebGL warning: texImage: Alpha-premult and y-flip are deprecated for non-DOM-Element uploads.
JavaScript warning: , line 0: WebGL warning: texImage: Alpha-premult and y-flip are deprecated for non-DOM-Element uploads.
JavaScript warning: , line 0: WebGL warning: texImage: Alpha-premult and y-flip are deprecated for non-DOM-Element uploads.
JavaScript warning: , line 0: WebGL warning: texImage: Alpha-premult and y-flip are deprecated for non-DOM-Element uploads.
JavaScript warning: , line 0: WebGL warning: texImage: Alpha-premult and y-flip are deprecated for non-DOM-Element uploads.
JavaScript warning: , line 0: WebGL warning: texImage: Alpha-premult and y-flip are deprecated for non-DOM-Element uploads.
JavaScript warning: , line 0: WebGL warning: texImage: Alpha-premult and y-flip are deprecated for non-DOM-Element uploads.
1617066198930	geckodriver	INFO	Listening on 127.0.0.1:63764
1617066199939	mozrunner::runner	INFO	Running command: "/Applications/Firefox.app/Contents/MacOS/firefox-bin" "--marionette" "-foreground" "-no-remote" "-profile" "/var/folders/nt/8pxp61450tj938jy0294_cj80000gn/T/rust_mozprofileGPoAHc"
console.warn: SearchSettings: "get: No settings file exists, new profile?" (new Error("", "(unknown module)"))
1617066203654	Marionette	INFO	Listening on port 63775
1617066203760	Marionette	WARN	TLS certificate errors will be ignored for this session
JavaScript warning: , line 0: WebGL warning: texImage: Alpha-premult and y-flip are deprecated for non-DOM-Element uploads.
JavaScript warning: , line 0: WebGL warning: texImage: Alpha-premult and y-flip are deprecated for non-DOM-Element uploads.
JavaScript warning: , line 0: WebGL warning: texImage: Alpha-premult and y-flip are deprecated for non-DOM-Element uploads.
JavaScript warning: , line 0: WebGL warning: texImage: Alpha-premult and y-flip are deprecated for non-DOM-Element uploads.
JavaScript warning: , line 0: WebGL warning: texImage: Alpha-premult and y-flip are deprecated for non-DOM-Element uploads.
JavaScript warning: , line 0: WebGL warning: texImage: Alpha-premult and y-flip are deprecated for non-DOM-Element uploads.
JavaScript warning: , line 0: WebGL warning: texImage: Alpha-premult and y-flip are deprecated for non-DOM-Element uploads.
JavaScript warning: , line 0: WebGL warning: texImage: Alpha-premult and y-flip are deprecated for non-DOM-Element uploads.
JavaScript warning: , line 0: WebGL warning: texImage: Alpha-premult and y-flip are deprecated for non-DOM-Element uploads.
console.log: WebExtensions: reset-default-search: No addons in our list are installed.
console.log: WebExtensions: reset-default-search: No addons in our list are installed.
1617066362227	geckodriver	INFO	Listening on 127.0.0.1:63908
1617066363234	mozrunner::runner	INFO	Running command: "/Applications/Firefox.app/Contents/MacOS/firefox-bin" "--marionette" "-foreground" "-no-remote" "-profile" "/var/folders/nt/8pxp61450tj938jy0294_cj80000gn/T/rust_mozprofile4EU75k"
console.warn: SearchSettings: "get: No settings file exists, new profile?" (new Error("", "(unknown module)"))
1617066366621	Marionette	INFO	Listening on port 63919
1617066366739	Marionette	WARN	TLS certificate errors will be ignored for this session
JavaScript warning: , line 0: WebGL warning: texImage: Alpha-premult and y-flip are deprecated for non-DOM-Element uploads.
JavaScript warning: , line 0: WebGL warning: texImage: Alpha-premult and y-flip are deprecated for non-DOM-Element uploads.
JavaScript warning: , line 0: WebGL warning: texImage: Alpha-premult and y-flip are deprecated for non-DOM-Element uploads.
JavaScript warning: , line 0: WebGL warning: texImage: Alpha-premult and y-flip are deprecated for non-DOM-Element uploads.
JavaScript warning: , line 0: WebGL warning: texImage: Alpha-premult and y-flip are deprecated for non-DOM-Element uploads.
JavaScript warning: , line 0: WebGL warning: texImage: Alpha-premult and y-flip are deprecated for non-DOM-Element uploads.
JavaScript warning: , line 0: WebGL warning: texImage: Alpha-premult and y-flip are deprecated for non-DOM-Element uploads.
JavaScript warning: , line 0: WebGL warning: texImage: Alpha-premult and y-flip are deprecated for non-DOM-Element uploads.
JavaScript warning: , line 0: WebGL warning: texImage: Alpha-premult and y-flip are deprecated for non-DOM-Element uploads.

###!!! [Child][MessageChannel] Error: (msgtype=0x5C0004,name=PHttpChannel::Msg_Cancel) Channel closing: too late to send/recv, messages will be lost


###!!! [Child][MessageChannel] Error: (msgtype=0x5C0009,name=PHttpChannel::Msg_DeletingChannel) Channel closing: too late to send/recv, messages will be lost

1617066421932	Marionette	INFO	Stopped listening on port 62690

###!!! [Parent][RunMessage] Error: Channel closing: too late to send/recv, messages will be lost

1617066422919	Marionette	INFO	Stopped listening on port 62864

###!!! [Parent][RunMessage] Error: Channel closing: too late to send/recv, messages will be lost

1617066423871	Marionette	INFO	Stopped listening on port 63002
1617066424882	Marionette	INFO	Stopped listening on port 63137

###!!! [Parent][RunMessage] Error: Channel closing: too late to send/recv, messages will be lost

1617066425906	Marionette	INFO	Stopped listening on port 63348

###!!! [Parent][RunMessage] Error: Channel closing: too late to send/recv, messages will be lost

1617066427013	Marionette	INFO	Stopped listening on port 63484

###!!! [Parent][RunMessage] Error: Channel closing: too late to send/recv, messages will be lost

1617066428011	Marionette	INFO	Stopped listening on port 63632

###!!! [Parent][RunMessage] Error: Channel closing: too late to send/recv, messages will be lost

1617066429095	Marionette	INFO	Stopped listening on port 63775

###!!! [Parent][RunMessage] Error: Channel closing: too late to send/recv, messages will be lost

1617066430375	Marionette	INFO	Stopped listening on port 63919

###!!! [Parent][RunMessage] Error: Channel closing: too late to send/recv, messages will be lost

1617066436894	geckodriver	INFO	Listening on 127.0.0.1:64033
1617066437903	mozrunner::runner	INFO	Running command: "/Applications/Firefox.app/Contents/MacOS/firefox-bin" "--marionette" "-foreground" "-no-remote" "-profile" "/var/folders/nt/8pxp61450tj938jy0294_cj80000gn/T/rust_mozprofilerpJVpn"
console.warn: SearchSettings: "get: No settings file exists, new profile?" (new Error("", "(unknown module)"))
1617066441139	Marionette	INFO	Listening on port 64044
1617066441230	Marionette	WARN	TLS certificate errors will be ignored for this session
JavaScript warning: , line 0: WebGL warning: texImage: Alpha-premult and y-flip are deprecated for non-DOM-Element uploads.
JavaScript warning: , line 0: WebGL warning: texImage: Alpha-premult and y-flip are deprecated for non-DOM-Element uploads.
JavaScript warning: , line 0: WebGL warning: texImage: Alpha-premult and y-flip are deprecated for non-DOM-Element uploads.
JavaScript warning: , line 0: WebGL warning: texImage: Alpha-premult and y-flip are deprecated for non-DOM-Element uploads.
JavaScript warning: , line 0: WebGL warning: texImage: Alpha-premult and y-flip are deprecated for non-DOM-Element uploads.
JavaScript warning: , line 0: WebGL warning: texImage: Alpha-premult and y-flip are deprecated for non-DOM-Element uploads.
JavaScript warning: , line 0: WebGL warning: texImage: Alpha-premult and y-flip are deprecated for non-DOM-Element uploads.
JavaScript warning: , line 0: WebGL warning: texImage: Alpha-premult and y-flip are deprecated for non-DOM-Element uploads.
JavaScript warning: , line 0: WebGL warning: texImage: Alpha-premult and y-flip are deprecated for non-DOM-Element uploads.
1617066563447	geckodriver	INFO	Listening on 127.0.0.1:64162
1617066564461	mozrunner::runner	INFO	Running command: "/Applications/Firefox.app/Contents/MacOS/firefox-bin" "--marionette" "-foreground" "-no-remote" "-profile" "/var/folders/nt/8pxp61450tj938jy0294_cj80000gn/T/rust_mozprofilerg409I"
console.warn: SearchSettings: "get: No settings file exists, new profile?" (new Error("", "(unknown module)"))
1617066567657	Marionette	INFO	Listening on port 64173
1617066567773	Marionette	WARN	TLS certificate errors will be ignored for this session
JavaScript warning: , line 0: WebGL warning: texImage: Alpha-premult and y-flip are deprecated for non-DOM-Element uploads.
JavaScript warning: , line 0: WebGL warning: texImage: Alpha-premult and y-flip are deprecated for non-DOM-Element uploads.
JavaScript warning: , line 0: WebGL warning: texImage: Alpha-premult and y-flip are deprecated for non-DOM-Element uploads.
JavaScript warning: , line 0: WebGL warning: texImage: Alpha-premult and y-flip are deprecated for non-DOM-Element uploads.
JavaScript warning: , line 0: WebGL warning: texImage: Alpha-premult and y-flip are deprecated for non-DOM-Element uploads.
JavaScript warning: , line 0: WebGL warning: texImage: Alpha-premult and y-flip are deprecated for non-DOM-Element uploads.
JavaScript warning: , line 0: WebGL warning: texImage: Alpha-premult and y-flip are deprecated for non-DOM-Element uploads.
JavaScript warning: , line 0: WebGL warning: texImage: Alpha-premult and y-flip are deprecated for non-DOM-Element uploads.
JavaScript warning: , line 0: WebGL warning: texImage: Alpha-premult and y-flip are deprecated for non-DOM-Element uploads.
1617066616839	geckodriver	INFO	Listening on 127.0.0.1:64281
1617066617853	mozrunner::runner	INFO	Running command: "/Applications/Firefox.app/Contents/MacOS/firefox-bin" "--marionette" "-foreground" "-no-remote" "-profile" "/var/folders/nt/8pxp61450tj938jy0294_cj80000gn/T/rust_mozprofiledMqQt1"
console.warn: SearchSettings: "get: No settings file exists, new profile?" (new Error("", "(unknown module)"))
1617066621055	Marionette	INFO	Listening on port 64292
1617066621181	Marionette	WARN	TLS certificate errors will be ignored for this session
JavaScript warning: , line 0: WebGL warning: texImage: Alpha-premult and y-flip are deprecated for non-DOM-Element uploads.
JavaScript warning: , line 0: WebGL warning: texImage: Alpha-premult and y-flip are deprecated for non-DOM-Element uploads.
JavaScript warning: , line 0: WebGL warning: texImage: Alpha-premult and y-flip are deprecated for non-DOM-Element uploads.
JavaScript warning: , line 0: WebGL warning: texImage: Alpha-premult and y-flip are deprecated for non-DOM-Element uploads.
JavaScript warning: , line 0: WebGL warning: texImage: Alpha-premult and y-flip are deprecated for non-DOM-Element uploads.
JavaScript warning: , line 0: WebGL warning: texImage: Alpha-premult and y-flip are deprecated for non-DOM-Element uploads.
JavaScript warning: , line 0: WebGL warning: texImage: Alpha-premult and y-flip are deprecated for non-DOM-Element uploads.
JavaScript warning: , line 0: WebGL warning: texImage: Alpha-premult and y-flip are deprecated for non-DOM-Element uploads.
JavaScript warning: , line 0: WebGL warning: texImage: Alpha-premult and y-flip are deprecated for non-DOM-Element uploads.
console.log: WebExtensions: reset-default-search: No addons in our list are installed.
1617067005962	geckodriver	INFO	Listening on 127.0.0.1:64458
1617067006977	mozrunner::runner	INFO	Running command: "/Applications/Firefox.app/Contents/MacOS/firefox-bin" "--marionette" "-foreground" "-no-remote" "-profile" "/var/folders/nt/8pxp61450tj938jy0294_cj80000gn/T/rust_mozprofileLoqLzn"
console.warn: SearchSettings: "get: No settings file exists, new profile?" (new Error("", "(unknown module)"))
1617067010242	Marionette	INFO	Listening on port 64469
1617067010304	Marionette	WARN	TLS certificate errors will be ignored for this session
JavaScript warning: , line 0: WebGL warning: texImage: Alpha-premult and y-flip are deprecated for non-DOM-Element uploads.
JavaScript warning: , line 0: WebGL warning: texImage: Alpha-premult and y-flip are deprecated for non-DOM-Element uploads.
JavaScript warning: , line 0: WebGL warning: texImage: Alpha-premult and y-flip are deprecated for non-DOM-Element uploads.
JavaScript warning: , line 0: WebGL warning: texImage: Alpha-premult and y-flip are deprecated for non-DOM-Element uploads.
JavaScript warning: , line 0: WebGL warning: texImage: Alpha-premult and y-flip are deprecated for non-DOM-Element uploads.
JavaScript warning: , line 0: WebGL warning: texImage: Alpha-premult and y-flip are deprecated for non-DOM-Element uploads.
JavaScript warning: , line 0: WebGL warning: texImage: Alpha-premult and y-flip are deprecated for non-DOM-Element uploads.
JavaScript warning: , line 0: WebGL warning: texImage: Alpha-premult and y-flip are deprecated for non-DOM-Element uploads.
JavaScript warning: , line 0: WebGL warning: texImage: Alpha-premult and y-flip are deprecated for non-DOM-Element uploads.
JavaScript warning: , line 0: WebGL warning: texImage: Alpha-premult and y-flip are deprecated for non-DOM-Element uploads.
JavaScript warning: , line 0: WebGL warning: texImage: Alpha-premult and y-flip are deprecated for non-DOM-Element uploads.
JavaScript warning: , line 0: WebGL warning: texImage: Alpha-premult and y-flip are deprecated for non-DOM-Element uploads.
JavaScript warning: , line 0: WebGL warning: texImage: Alpha-premult and y-flip are deprecated for non-DOM-Element uploads.
JavaScript warning: , line 0: WebGL warning: texImage: Alpha-premult and y-flip are deprecated for non-DOM-Element uploads.
JavaScript warning: , line 0: WebGL warning: texImage: Alpha-premult and y-flip are deprecated for non-DOM-Element uploads.
JavaScript warning: , line 0: WebGL warning: texImage: Alpha-premult and y-flip are deprecated for non-DOM-Element uploads.
JavaScript warning: , line 0: WebGL warning: texImage: Alpha-premult and y-flip are deprecated for non-DOM-Element uploads.
JavaScript warning: , line 0: WebGL warning: texImage: Alpha-premult and y-flip are deprecated for non-DOM-Element uploads.
console.log: WebExtensions: reset-default-search: No addons in our list are installed.
console.log: WebExtensions: reset-default-search: No addons in our list are installed.
1617067144694	geckodriver	INFO	Listening on 127.0.0.1:64612
1617067145698	mozrunner::runner	INFO	Running command: "/Applications/Firefox.app/Contents/MacOS/firefox-bin" "--marionette" "-foreground" "-no-remote" "-profile" "/var/folders/nt/8pxp61450tj938jy0294_cj80000gn/T/rust_mozprofilet8TtVC"
console.warn: SearchSettings: "get: No settings file exists, new profile?" (new Error("", "(unknown module)"))
1617067148872	Marionette	INFO	Listening on port 64623
1617067148922	Marionette	WARN	TLS certificate errors will be ignored for this session
JavaScript warning: , line 0: WebGL warning: texImage: Alpha-premult and y-flip are deprecated for non-DOM-Element uploads.
JavaScript warning: , line 0: WebGL warning: texImage: Alpha-premult and y-flip are deprecated for non-DOM-Element uploads.
JavaScript warning: , line 0: WebGL warning: texImage: Alpha-premult and y-flip are deprecated for non-DOM-Element uploads.
JavaScript warning: , line 0: WebGL warning: texImage: Alpha-premult and y-flip are deprecated for non-DOM-Element uploads.
JavaScript warning: , line 0: WebGL warning: texImage: Alpha-premult and y-flip are deprecated for non-DOM-Element uploads.
JavaScript warning: , line 0: WebGL warning: texImage: Alpha-premult and y-flip are deprecated for non-DOM-Element uploads.
JavaScript warning: , line 0: WebGL warning: texImage: Alpha-premult and y-flip are deprecated for non-DOM-Element uploads.
JavaScript warning: , line 0: WebGL warning: texImage: Alpha-premult and y-flip are deprecated for non-DOM-Element uploads.
JavaScript warning: , line 0: WebGL warning: texImage: Alpha-premult and y-flip are deprecated for non-DOM-Element uploads.
1617067196075	Marionette	INFO	Stopped listening on port 64044

###!!! [Parent][RunMessage] Error: Channel closing: too late to send/recv, messages will be lost

1617067198471	Marionette	INFO	Stopped listening on port 64173

###!!! [Parent][RunMessage] Error: Channel closing: too late to send/recv, messages will be lost

1617067199529	Marionette	INFO	Stopped listening on port 64292

###!!! [Parent][RunMessage] Error: Channel closing: too late to send/recv, messages will be lost

1617067200605	Marionette	INFO	Stopped listening on port 64469

###!!! [Parent][RunMessage] Error: Channel closing: too late to send/recv, messages will be lost

1617067201912	Marionette	INFO	Stopped listening on port 64623

###!!! [Parent][RunMessage] Error: Channel closing: too late to send/recv, messages will be lost

1617067289957	geckodriver	INFO	Listening on 127.0.0.1:64748
1617067290971	mozrunner::runner	INFO	Running command: "/Applications/Firefox.app/Contents/MacOS/firefox-bin" "--marionette" "-foreground" "-no-remote" "-profile" "/var/folders/nt/8pxp61450tj938jy0294_cj80000gn/T/rust_mozprofileY2Osx7"
console.warn: SearchSettings: "get: No settings file exists, new profile?" (new Error("", "(unknown module)"))
1617067294375	Marionette	INFO	Listening on port 64759
1617067294491	Marionette	WARN	TLS certificate errors will be ignored for this session
JavaScript warning: , line 0: WebGL warning: texImage: Alpha-premult and y-flip are deprecated for non-DOM-Element uploads.
JavaScript warning: , line 0: WebGL warning: texImage: Alpha-premult and y-flip are deprecated for non-DOM-Element uploads.
JavaScript warning: , line 0: WebGL warning: texImage: Alpha-premult and y-flip are deprecated for non-DOM-Element uploads.
JavaScript warning: , line 0: WebGL warning: texImage: Alpha-premult and y-flip are deprecated for non-DOM-Element uploads.
JavaScript warning: , line 0: WebGL warning: texImage: Alpha-premult and y-flip are deprecated for non-DOM-Element uploads.
JavaScript warning: , line 0: WebGL warning: texImage: Alpha-premult and y-flip are deprecated for non-DOM-Element uploads.
JavaScript warning: , line 0: WebGL warning: texImage: Alpha-premult and y-flip are deprecated for non-DOM-Element uploads.
JavaScript warning: , line 0: WebGL warning: texImage: Alpha-premult and y-flip are deprecated for non-DOM-Element uploads.
JavaScript warning: , line 0: WebGL warning: texImage: Alpha-premult and y-flip are deprecated for non-DOM-Element uploads.
1617067364360	geckodriver	INFO	Listening on 127.0.0.1:64885
1617067365371	mozrunner::runner	INFO	Running command: "/Applications/Firefox.app/Contents/MacOS/firefox-bin" "--marionette" "-foreground" "-no-remote" "-profile" "/var/folders/nt/8pxp61450tj938jy0294_cj80000gn/T/rust_mozprofilefUHzox"
console.warn: SearchSettings: "get: No settings file exists, new profile?" (new Error("", "(unknown module)"))
1617067368625	Marionette	INFO	Listening on port 64896
1617067368690	Marionette	WARN	TLS certificate errors will be ignored for this session
JavaScript warning: , line 0: WebGL warning: texImage: Alpha-premult and y-flip are deprecated for non-DOM-Element uploads.
JavaScript warning: , line 0: WebGL warning: texImage: Alpha-premult and y-flip are deprecated for non-DOM-Element uploads.
JavaScript warning: , line 0: WebGL warning: texImage: Alpha-premult and y-flip are deprecated for non-DOM-Element uploads.
JavaScript warning: , line 0: WebGL warning: texImage: Alpha-premult and y-flip are deprecated for non-DOM-Element uploads.
JavaScript warning: , line 0: WebGL warning: texImage: Alpha-premult and y-flip are deprecated for non-DOM-Element uploads.
JavaScript warning: , line 0: WebGL warning: texImage: Alpha-premult and y-flip are deprecated for non-DOM-Element uploads.
JavaScript warning: , line 0: WebGL warning: texImage: Alpha-premult and y-flip are deprecated for non-DOM-Element uploads.
JavaScript warning: , line 0: WebGL warning: texImage: Alpha-premult and y-flip are deprecated for non-DOM-Element uploads.
JavaScript warning: , line 0: WebGL warning: texImage: Alpha-premult and y-flip are deprecated for non-DOM-Element uploads.
1617067550186	geckodriver	INFO	Listening on 127.0.0.1:65023
1617067551195	mozrunner::runner	INFO	Running command: "/Applications/Firefox.app/Contents/MacOS/firefox-bin" "--marionette" "-foreground" "-no-remote" "-profile" "/var/folders/nt/8pxp61450tj938jy0294_cj80000gn/T/rust_mozprofileKH4Bal"
console.warn: SearchSettings: "get: No settings file exists, new profile?" (new Error("", "(unknown module)"))
1617067554473	Marionette	INFO	Listening on port 65034
1617067554522	Marionette	WARN	TLS certificate errors will be ignored for this session
JavaScript warning: , line 0: WebGL warning: texImage: Alpha-premult and y-flip are deprecated for non-DOM-Element uploads.
JavaScript warning: , line 0: WebGL warning: texImage: Alpha-premult and y-flip are deprecated for non-DOM-Element uploads.
JavaScript warning: , line 0: WebGL warning: texImage: Alpha-premult and y-flip are deprecated for non-DOM-Element uploads.
JavaScript warning: , line 0: WebGL warning: texImage: Alpha-premult and y-flip are deprecated for non-DOM-Element uploads.
JavaScript warning: , line 0: WebGL warning: texImage: Alpha-premult and y-flip are deprecated for non-DOM-Element uploads.
JavaScript warning: , line 0: WebGL warning: texImage: Alpha-premult and y-flip are deprecated for non-DOM-Element uploads.
JavaScript warning: , line 0: WebGL warning: texImage: Alpha-premult and y-flip are deprecated for non-DOM-Element uploads.
JavaScript warning: , line 0: WebGL warning: texImage: Alpha-premult and y-flip are deprecated for non-DOM-Element uploads.
JavaScript warning: , line 0: WebGL warning: texImage: Alpha-premult and y-flip are deprecated for non-DOM-Element uploads.
JavaScript error: resource://devtools/client/inspector/rules/utils/utils.js, line 186: TypeError: rule is undefined
JavaScript error: resource://devtools/client/inspector/rules/utils/utils.js, line 186: TypeError: rule is undefined
JavaScript error: resource://devtools/client/inspector/rules/utils/utils.js, line 186: TypeError: rule is undefined
JavaScript error: resource://devtools/client/inspector/rules/utils/utils.js, line 186: TypeError: rule is undefined
JavaScript error: resource://devtools/client/inspector/rules/utils/utils.js, line 186: TypeError: rule is undefined
1617067671698	geckodriver	INFO	Listening on 127.0.0.1:65159
1617067672711	mozrunner::runner	INFO	Running command: "/Applications/Firefox.app/Contents/MacOS/firefox-bin" "--marionette" "-foreground" "-no-remote" "-profile" "/var/folders/nt/8pxp61450tj938jy0294_cj80000gn/T/rust_mozprofileuzRUKm"
console.warn: SearchSettings: "get: No settings file exists, new profile?" (new Error("", "(unknown module)"))
1617067675884	Marionette	INFO	Listening on port 65170
1617067675906	Marionette	WARN	TLS certificate errors will be ignored for this session
JavaScript warning: , line 0: WebGL warning: texImage: Alpha-premult and y-flip are deprecated for non-DOM-Element uploads.
JavaScript warning: , line 0: WebGL warning: texImage: Alpha-premult and y-flip are deprecated for non-DOM-Element uploads.
JavaScript warning: , line 0: WebGL warning: texImage: Alpha-premult and y-flip are deprecated for non-DOM-Element uploads.
JavaScript warning: , line 0: WebGL warning: texImage: Alpha-premult and y-flip are deprecated for non-DOM-Element uploads.
JavaScript warning: , line 0: WebGL warning: texImage: Alpha-premult and y-flip are deprecated for non-DOM-Element uploads.
JavaScript warning: , line 0: WebGL warning: texImage: Alpha-premult and y-flip are deprecated for non-DOM-Element uploads.
JavaScript warning: , line 0: WebGL warning: texImage: Alpha-premult and y-flip are deprecated for non-DOM-Element uploads.
JavaScript warning: , line 0: WebGL warning: texImage: Alpha-premult and y-flip are deprecated for non-DOM-Element uploads.
JavaScript warning: , line 0: WebGL warning: texImage: Alpha-premult and y-flip are deprecated for non-DOM-Element uploads.
console.log: WebExtensions: reset-default-search: No addons in our list are installed.
1617067817532	geckodriver	INFO	Listening on 127.0.0.1:65306
1617067818543	mozrunner::runner	INFO	Running command: "/Applications/Firefox.app/Contents/MacOS/firefox-bin" "--marionette" "-foreground" "-no-remote" "-profile" "/var/folders/nt/8pxp61450tj938jy0294_cj80000gn/T/rust_mozprofileFuF1Bi"
console.warn: SearchSettings: "get: No settings file exists, new profile?" (new Error("", "(unknown module)"))
1617067822309	Marionette	INFO	Listening on port 65317
1617067822402	Marionette	WARN	TLS certificate errors will be ignored for this session
JavaScript warning: , line 0: WebGL warning: texImage: Alpha-premult and y-flip are deprecated for non-DOM-Element uploads.
JavaScript warning: , line 0: WebGL warning: texImage: Alpha-premult and y-flip are deprecated for non-DOM-Element uploads.
JavaScript warning: , line 0: WebGL warning: texImage: Alpha-premult and y-flip are deprecated for non-DOM-Element uploads.
JavaScript warning: , line 0: WebGL warning: texImage: Alpha-premult and y-flip are deprecated for non-DOM-Element uploads.
JavaScript warning: , line 0: WebGL warning: texImage: Alpha-premult and y-flip are deprecated for non-DOM-Element uploads.
JavaScript warning: , line 0: WebGL warning: texImage: Alpha-premult and y-flip are deprecated for non-DOM-Element uploads.
JavaScript warning: , line 0: WebGL warning: texImage: Alpha-premult and y-flip are deprecated for non-DOM-Element uploads.
JavaScript warning: , line 0: WebGL warning: texImage: Alpha-premult and y-flip are deprecated for non-DOM-Element uploads.
JavaScript warning: , line 0: WebGL warning: texImage: Alpha-premult and y-flip are deprecated for non-DOM-Element uploads.
console.log: WebExtensions: reset-default-search: No addons in our list are installed.
console.log: WebExtensions: reset-default-search: No addons in our list are installed.
1617068077996	Marionette	INFO	Stopped listening on port 64759

###!!! [Parent][RunMessage] Error: Channel closing: too late to send/recv, messages will be lost

1617068080728	Marionette	INFO	Stopped listening on port 64896

###!!! [Parent][RunMessage] Error: Channel closing: too late to send/recv, messages will be lost

1617068100799	Marionette	INFO	Stopped listening on port 65034

###!!! [Parent][RunMessage] Error: Channel closing: too late to send/recv, messages will be lost


###!!! [Child][MessageChannel] Error: (msgtype=0x6C0027,name=PNecko::Msg_RemoveRequestContext) Channel closing: too late to send/recv, messages will be lost

1617068102025	Marionette	INFO	Stopped listening on port 65170

###!!! [Parent][RunMessage] Error: Channel closing: too late to send/recv, messages will be lost

1617068103253	Marionette	INFO	Stopped listening on port 65317

###!!! [Parent][RunMessage] Error: Channel closing: too late to send/recv, messages will be lost

1617068239032	geckodriver	INFO	Listening on 127.0.0.1:65481
1617068240037	mozrunner::runner	INFO	Running command: "/Applications/Firefox.app/Contents/MacOS/firefox-bin" "--marionette" "-foreground" "-no-remote" "-profile" "/var/folders/nt/8pxp61450tj938jy0294_cj80000gn/T/rust_mozprofile1ZYjkP"
console.warn: SearchSettings: "get: No settings file exists, new profile?" (new Error("", "(unknown module)"))
1617068243589	Marionette	INFO	Listening on port 65492
1617068243672	Marionette	WARN	TLS certificate errors will be ignored for this session
JavaScript warning: , line 0: WebGL warning: texImage: Alpha-premult and y-flip are deprecated for non-DOM-Element uploads.
JavaScript warning: , line 0: WebGL warning: texImage: Alpha-premult and y-flip are deprecated for non-DOM-Element uploads.
JavaScript warning: , line 0: WebGL warning: texImage: Alpha-premult and y-flip are deprecated for non-DOM-Element uploads.
JavaScript warning: , line 0: WebGL warning: texImage: Alpha-premult and y-flip are deprecated for non-DOM-Element uploads.
JavaScript warning: , line 0: WebGL warning: texImage: Alpha-premult and y-flip are deprecated for non-DOM-Element uploads.
JavaScript warning: , line 0: WebGL warning: texImage: Alpha-premult and y-flip are deprecated for non-DOM-Element uploads.
JavaScript warning: , line 0: WebGL warning: texImage: Alpha-premult and y-flip are deprecated for non-DOM-Element uploads.
JavaScript warning: , line 0: WebGL warning: texImage: Alpha-premult and y-flip are deprecated for non-DOM-Element uploads.
JavaScript warning: , line 0: WebGL warning: texImage: Alpha-premult and y-flip are deprecated for non-DOM-Element uploads.
1617068330297	Marionette	INFO	Stopped listening on port 65492

###!!! [Parent][RunMessage] Error: Channel closing: too late to send/recv, messages will be lost

1617068458987	geckodriver	INFO	Listening on 127.0.0.1:49252
1617068459999	mozrunner::runner	INFO	Running command: "/Applications/Firefox.app/Contents/MacOS/firefox-bin" "--marionette" "-foreground" "-no-remote" "-profile" "/var/folders/nt/8pxp61450tj938jy0294_cj80000gn/T/rust_mozprofilevD0AnB"
console.warn: SearchSettings: "get: No settings file exists, new profile?" (new Error("", "(unknown module)"))
1617068463262	Marionette	INFO	Listening on port 49263
1617068463329	Marionette	WARN	TLS certificate errors will be ignored for this session
JavaScript warning: , line 0: WebGL warning: texImage: Alpha-premult and y-flip are deprecated for non-DOM-Element uploads.
JavaScript warning: , line 0: WebGL warning: texImage: Alpha-premult and y-flip are deprecated for non-DOM-Element uploads.
JavaScript warning: , line 0: WebGL warning: texImage: Alpha-premult and y-flip are deprecated for non-DOM-Element uploads.
JavaScript warning: , line 0: WebGL warning: texImage: Alpha-premult and y-flip are deprecated for non-DOM-Element uploads.
JavaScript warning: , line 0: WebGL warning: texImage: Alpha-premult and y-flip are deprecated for non-DOM-Element uploads.
JavaScript warning: , line 0: WebGL warning: texImage: Alpha-premult and y-flip are deprecated for non-DOM-Element uploads.
JavaScript warning: , line 0: WebGL warning: texImage: Alpha-premult and y-flip are deprecated for non-DOM-Element uploads.
JavaScript warning: , line 0: WebGL warning: texImage: Alpha-premult and y-flip are deprecated for non-DOM-Element uploads.
JavaScript warning: , line 0: WebGL warning: texImage: Alpha-premult and y-flip are deprecated for non-DOM-Element uploads.
console.log: WebExtensions: reset-default-search: No addons in our list are installed.
1617069307427	geckodriver	INFO	Listening on 127.0.0.1:49437
1617069308442	mozrunner::runner	INFO	Running command: "/Applications/Firefox.app/Contents/MacOS/firefox-bin" "--marionette" "-foreground" "-no-remote" "-profile" "/var/folders/nt/8pxp61450tj938jy0294_cj80000gn/T/rust_mozprofileTkuCwJ"
console.warn: SearchSettings: "get: No settings file exists, new profile?" (new Error("", "(unknown module)"))
1617069311905	Marionette	INFO	Listening on port 49448
1617069312010	Marionette	WARN	TLS certificate errors will be ignored for this session
JavaScript warning: , line 0: WebGL warning: texImage: Alpha-premult and y-flip are deprecated for non-DOM-Element uploads.
JavaScript warning: , line 0: WebGL warning: texImage: Alpha-premult and y-flip are deprecated for non-DOM-Element uploads.
JavaScript warning: , line 0: WebGL warning: texImage: Alpha-premult and y-flip are deprecated for non-DOM-Element uploads.
JavaScript warning: , line 0: WebGL warning: texImage: Alpha-premult and y-flip are deprecated for non-DOM-Element uploads.
JavaScript warning: , line 0: WebGL warning: texImage: Alpha-premult and y-flip are deprecated for non-DOM-Element uploads.
JavaScript warning: , line 0: WebGL warning: texImage: Alpha-premult and y-flip are deprecated for non-DOM-Element uploads.
JavaScript warning: , line 0: WebGL warning: texImage: Alpha-premult and y-flip are deprecated for non-DOM-Element uploads.
JavaScript warning: , line 0: WebGL warning: texImage: Alpha-premult and y-flip are deprecated for non-DOM-Element uploads.
JavaScript warning: , line 0: WebGL warning: texImage: Alpha-premult and y-flip are deprecated for non-DOM-Element uploads.
1617069347750	Marionette	INFO	Stopped listening on port 49263

###!!! [Parent][RunMessage] Error: Channel closing: too late to send/recv, messages will be lost

1617069350048	Marionette	INFO	Stopped listening on port 49448

###!!! [Parent][RunMessage] Error: Channel closing: too late to send/recv, messages will be lost

1617069350844	geckodriver	INFO	Listening on 127.0.0.1:49560
1617069351860	mozrunner::runner	INFO	Running command: "/Applications/Firefox.app/Contents/MacOS/firefox-bin" "--marionette" "-foreground" "-no-remote" "-profile" "/var/folders/nt/8pxp61450tj938jy0294_cj80000gn/T/rust_mozprofilekgB7hM"
console.warn: SearchSettings: "get: No settings file exists, new profile?" (new Error("", "(unknown module)"))
1617069355008	Marionette	INFO	Listening on port 49571
1617069355100	Marionette	WARN	TLS certificate errors will be ignored for this session
JavaScript warning: , line 0: WebGL warning: texImage: Alpha-premult and y-flip are deprecated for non-DOM-Element uploads.
JavaScript warning: , line 0: WebGL warning: texImage: Alpha-premult and y-flip are deprecated for non-DOM-Element uploads.
JavaScript warning: , line 0: WebGL warning: texImage: Alpha-premult and y-flip are deprecated for non-DOM-Element uploads.
JavaScript warning: , line 0: WebGL warning: texImage: Alpha-premult and y-flip are deprecated for non-DOM-Element uploads.
JavaScript warning: , line 0: WebGL warning: texImage: Alpha-premult and y-flip are deprecated for non-DOM-Element uploads.
JavaScript warning: , line 0: WebGL warning: texImage: Alpha-premult and y-flip are deprecated for non-DOM-Element uploads.
JavaScript warning: , line 0: WebGL warning: texImage: Alpha-premult and y-flip are deprecated for non-DOM-Element uploads.
JavaScript warning: , line 0: WebGL warning: texImage: Alpha-premult and y-flip are deprecated for non-DOM-Element uploads.
JavaScript warning: , line 0: WebGL warning: texImage: Alpha-premult and y-flip are deprecated for non-DOM-Element uploads.
console.log: WebExtensions: reset-default-search: No addons in our list are installed.
